<?xml version="1.0" encoding="UTF-8"?>
<coverage generated="1545402326706" clover="3.2.0">
  <project timestamp="1545402326706" name="All files">
    <metrics statements="112" coveredstatements="87" conditionals="15" coveredconditionals="6" methods="52" coveredmethods="24" elements="179" coveredelements="117" complexity="0" loc="112" ncloc="112" packages="17" files="35" classes="35">
      <package name="src">
        <metrics statements="1" coveredstatements="1" conditionals="0" coveredconditionals="0" methods="0" coveredmethods="0"/>
        <file name="enzyme.js" path="/mnt/c/Users/Maciej_Chmura/dev/react-js-mentoring/src/enzyme.js">
          <metrics statements="1" coveredstatements="1" conditionals="0" coveredconditionals="0" methods="0" coveredmethods="0"/>
          <line num="6" count="10" type="stmt"/>
        </file>
      </package>
      <package name="src.components">
        <metrics statements="18" coveredstatements="12" conditionals="6" coveredconditionals="2" methods="7" coveredmethods="3"/>
        <file name="App.Styles.jsx" path="/mnt/c/Users/Maciej_Chmura/dev/react-js-mentoring/src/components/App.Styles.jsx">
          <metrics statements="5" coveredstatements="5" conditionals="0" coveredconditionals="0" methods="0" coveredmethods="0"/>
          <line num="4" count="1" type="stmt"/>
          <line num="10" count="1" type="stmt"/>
          <line num="21" count="1" type="stmt"/>
          <line num="26" count="1" type="stmt"/>
          <line num="39" count="1" type="stmt"/>
        </file>
        <file name="App.jsx" path="/mnt/c/Users/Maciej_Chmura/dev/react-js-mentoring/src/components/App.jsx">
          <metrics statements="5" coveredstatements="2" conditionals="4" coveredconditionals="1" methods="3" coveredmethods="1"/>
          <line num="15" count="0" type="stmt"/>
          <line num="16" count="0" type="cond" truecount="0" falsecount="2"/>
          <line num="17" count="0" type="stmt"/>
          <line num="21" count="1" type="stmt"/>
          <line num="22" count="1" type="stmt"/>
        </file>
        <file name="ErrorBoundary.jsx" path="/mnt/c/Users/Maciej_Chmura/dev/react-js-mentoring/src/components/ErrorBoundary.jsx">
          <metrics statements="7" coveredstatements="4" conditionals="2" coveredconditionals="1" methods="4" coveredmethods="2"/>
          <line num="5" count="1" type="stmt"/>
          <line num="6" count="1" type="stmt"/>
          <line num="11" count="0" type="stmt"/>
          <line num="16" count="0" type="stmt"/>
          <line num="20" count="1" type="cond" truecount="1" falsecount="1"/>
          <line num="21" count="0" type="stmt"/>
          <line num="24" count="1" type="stmt"/>
        </file>
        <file name="GlobalStyle.jsx" path="/mnt/c/Users/Maciej_Chmura/dev/react-js-mentoring/src/components/GlobalStyle.jsx">
          <metrics statements="1" coveredstatements="1" conditionals="0" coveredconditionals="0" methods="0" coveredmethods="0"/>
          <line num="3" count="1" type="stmt"/>
        </file>
      </package>
      <package name="src.components.Body.MovieGenre">
        <metrics statements="4" coveredstatements="2" conditionals="0" coveredconditionals="0" methods="2" coveredmethods="0"/>
        <file name="MovieGenre.Styles.jsx" path="/mnt/c/Users/Maciej_Chmura/dev/react-js-mentoring/src/components/Body/MovieGenre/MovieGenre.Styles.jsx">
          <metrics statements="1" coveredstatements="1" conditionals="0" coveredconditionals="0" methods="0" coveredmethods="0"/>
          <line num="3" count="2" type="stmt"/>
        </file>
        <file name="MovieGenre.jsx" path="/mnt/c/Users/Maciej_Chmura/dev/react-js-mentoring/src/components/Body/MovieGenre/MovieGenre.jsx">
          <metrics statements="3" coveredstatements="1" conditionals="0" coveredconditionals="0" methods="2" coveredmethods="0"/>
          <line num="4" count="2" type="stmt"/>
          <line num="5" count="0" type="stmt"/>
          <line num="7" count="0" type="stmt"/>
        </file>
      </package>
      <package name="src.components.Body.MovieInfo">
        <metrics statements="6" coveredstatements="4" conditionals="0" coveredconditionals="0" methods="1" coveredmethods="0"/>
        <file name="MovieInfo.Styles.jsx" path="/mnt/c/Users/Maciej_Chmura/dev/react-js-mentoring/src/components/Body/MovieInfo/MovieInfo.Styles.jsx">
          <metrics statements="3" coveredstatements="3" conditionals="0" coveredconditionals="0" methods="0" coveredmethods="0"/>
          <line num="3" count="2" type="stmt"/>
          <line num="9" count="2" type="stmt"/>
          <line num="15" count="2" type="stmt"/>
        </file>
        <file name="MovieInfo.jsx" path="/mnt/c/Users/Maciej_Chmura/dev/react-js-mentoring/src/components/Body/MovieInfo/MovieInfo.jsx">
          <metrics statements="3" coveredstatements="1" conditionals="0" coveredconditionals="0" methods="1" coveredmethods="0"/>
          <line num="4" count="2" type="stmt"/>
          <line num="5" count="0" type="stmt"/>
          <line num="6" count="0" type="stmt"/>
        </file>
      </package>
      <package name="src.components.Body.MoviePoster">
        <metrics statements="4" coveredstatements="4" conditionals="0" coveredconditionals="0" methods="1" coveredmethods="1"/>
        <file name="MoviePoster.Styles.jsx" path="/mnt/c/Users/Maciej_Chmura/dev/react-js-mentoring/src/components/Body/MoviePoster/MoviePoster.Styles.jsx">
          <metrics statements="2" coveredstatements="2" conditionals="0" coveredconditionals="0" methods="0" coveredmethods="0"/>
          <line num="3" count="5" type="stmt"/>
          <line num="9" count="5" type="stmt"/>
        </file>
        <file name="MoviePoster.jsx" path="/mnt/c/Users/Maciej_Chmura/dev/react-js-mentoring/src/components/Body/MoviePoster/MoviePoster.jsx">
          <metrics statements="2" coveredstatements="2" conditionals="0" coveredconditionals="0" methods="1" coveredmethods="1"/>
          <line num="4" count="5" type="stmt"/>
          <line num="5" count="1" type="stmt"/>
        </file>
      </package>
      <package name="src.components.Body.MovieTile">
        <metrics statements="3" coveredstatements="2" conditionals="0" coveredconditionals="0" methods="1" coveredmethods="0"/>
        <file name="MovieTile.Styles.jsx" path="/mnt/c/Users/Maciej_Chmura/dev/react-js-mentoring/src/components/Body/MovieTile/MovieTile.Styles.jsx">
          <metrics statements="1" coveredstatements="1" conditionals="0" coveredconditionals="0" methods="0" coveredmethods="0"/>
          <line num="3" count="2" type="stmt"/>
        </file>
        <file name="MovieTile.jsx" path="/mnt/c/Users/Maciej_Chmura/dev/react-js-mentoring/src/components/Body/MovieTile/MovieTile.jsx">
          <metrics statements="2" coveredstatements="1" conditionals="0" coveredconditionals="0" methods="1" coveredmethods="0"/>
          <line num="7" count="2" type="stmt"/>
          <line num="8" count="0" type="stmt"/>
        </file>
      </package>
      <package name="src.components.Body.Results">
        <metrics statements="4" coveredstatements="2" conditionals="0" coveredconditionals="0" methods="2" coveredmethods="0"/>
        <file name="Results.Styles.jsx" path="/mnt/c/Users/Maciej_Chmura/dev/react-js-mentoring/src/components/Body/Results/Results.Styles.jsx">
          <metrics statements="1" coveredstatements="1" conditionals="0" coveredconditionals="0" methods="0" coveredmethods="0"/>
          <line num="3" count="2" type="stmt"/>
        </file>
        <file name="Results.jsx" path="/mnt/c/Users/Maciej_Chmura/dev/react-js-mentoring/src/components/Body/Results/Results.jsx">
          <metrics statements="3" coveredstatements="1" conditionals="0" coveredconditionals="0" methods="2" coveredmethods="0"/>
          <line num="5" count="2" type="stmt"/>
          <line num="6" count="0" type="stmt"/>
          <line num="8" count="0" type="stmt"/>
        </file>
      </package>
      <package name="src.components.Detail">
        <metrics statements="9" coveredstatements="9" conditionals="0" coveredconditionals="0" methods="1" coveredmethods="1"/>
        <file name="MovieDetails.Styles.jsx" path="/mnt/c/Users/Maciej_Chmura/dev/react-js-mentoring/src/components/Detail/MovieDetails.Styles.jsx">
          <metrics statements="6" coveredstatements="6" conditionals="0" coveredconditionals="0" methods="0" coveredmethods="0"/>
          <line num="3" count="3" type="stmt"/>
          <line num="9" count="3" type="stmt"/>
          <line num="14" count="3" type="stmt"/>
          <line num="19" count="3" type="stmt"/>
          <line num="24" count="3" type="stmt"/>
          <line num="29" count="3" type="stmt"/>
        </file>
        <file name="MovieDetails.jsx" path="/mnt/c/Users/Maciej_Chmura/dev/react-js-mentoring/src/components/Detail/MovieDetails.jsx">
          <metrics statements="3" coveredstatements="3" conditionals="0" coveredconditionals="0" methods="1" coveredmethods="1"/>
          <line num="12" count="3" type="stmt"/>
          <line num="13" count="1" type="stmt"/>
          <line num="14" count="1" type="stmt"/>
        </file>
      </package>
      <package name="src.components.Header.FormTitle">
        <metrics statements="2" coveredstatements="2" conditionals="0" coveredconditionals="0" methods="1" coveredmethods="1"/>
        <file name="FormTitle.Styles.jsx" path="/mnt/c/Users/Maciej_Chmura/dev/react-js-mentoring/src/components/Header/FormTitle/FormTitle.Styles.jsx">
          <metrics statements="1" coveredstatements="1" conditionals="0" coveredconditionals="0" methods="0" coveredmethods="0"/>
          <line num="3" count="2" type="stmt"/>
        </file>
        <file name="FormTitle.jsx" path="/mnt/c/Users/Maciej_Chmura/dev/react-js-mentoring/src/components/Header/FormTitle/FormTitle.jsx">
          <metrics statements="1" coveredstatements="1" conditionals="0" coveredconditionals="0" methods="1" coveredmethods="1"/>
          <line num="4" count="2" type="stmt"/>
        </file>
      </package>
      <package name="src.components.Header.PageName">
        <metrics statements="2" coveredstatements="2" conditionals="0" coveredconditionals="0" methods="1" coveredmethods="1"/>
        <file name="PageName.Styles.jsx" path="/mnt/c/Users/Maciej_Chmura/dev/react-js-mentoring/src/components/Header/PageName/PageName.Styles.jsx">
          <metrics statements="1" coveredstatements="1" conditionals="0" coveredconditionals="0" methods="0" coveredmethods="0"/>
          <line num="3" count="3" type="stmt"/>
        </file>
        <file name="PageName.jsx" path="/mnt/c/Users/Maciej_Chmura/dev/react-js-mentoring/src/components/Header/PageName/PageName.jsx">
          <metrics statements="1" coveredstatements="1" conditionals="0" coveredconditionals="0" methods="1" coveredmethods="1"/>
          <line num="4" count="3" type="stmt"/>
        </file>
      </package>
      <package name="src.components.Header.SearchForm">
        <metrics statements="13" coveredstatements="9" conditionals="2" coveredconditionals="0" methods="5" coveredmethods="2"/>
        <file name="SearchForm.Styles.jsx" path="/mnt/c/Users/Maciej_Chmura/dev/react-js-mentoring/src/components/Header/SearchForm/SearchForm.Styles.jsx">
          <metrics statements="5" coveredstatements="5" conditionals="0" coveredconditionals="0" methods="0" coveredmethods="0"/>
          <line num="3" count="3" type="stmt"/>
          <line num="9" count="3" type="stmt"/>
          <line num="20" count="3" type="stmt"/>
          <line num="26" count="3" type="stmt"/>
          <line num="33" count="3" type="stmt"/>
        </file>
        <file name="SearchForm.jsx" path="/mnt/c/Users/Maciej_Chmura/dev/react-js-mentoring/src/components/Header/SearchForm/SearchForm.jsx">
          <metrics statements="8" coveredstatements="4" conditionals="2" coveredconditionals="0" methods="5" coveredmethods="2"/>
          <line num="17" count="0" type="stmt"/>
          <line num="21" count="0" type="cond" truecount="0" falsecount="2"/>
          <line num="22" count="0" type="stmt"/>
          <line num="27" count="0" type="stmt"/>
          <line num="31" count="3" type="stmt"/>
          <line num="32" count="3" type="stmt"/>
          <line num="33" count="3" type="stmt"/>
          <line num="47" count="6" type="stmt"/>
        </file>
      </package>
      <package name="src.components.Helper.ChangePageButton">
        <metrics statements="3" coveredstatements="3" conditionals="0" coveredconditionals="0" methods="1" coveredmethods="1"/>
        <file name="ChangePageButton.Styles.jsx" path="/mnt/c/Users/Maciej_Chmura/dev/react-js-mentoring/src/components/Helper/ChangePageButton/ChangePageButton.Styles.jsx">
          <metrics statements="1" coveredstatements="1" conditionals="0" coveredconditionals="0" methods="0" coveredmethods="0"/>
          <line num="3" count="2" type="stmt"/>
        </file>
        <file name="ChangePageButton.jsx" path="/mnt/c/Users/Maciej_Chmura/dev/react-js-mentoring/src/components/Helper/ChangePageButton/ChangePageButton.jsx">
          <metrics statements="2" coveredstatements="2" conditionals="0" coveredconditionals="0" methods="1" coveredmethods="1"/>
          <line num="4" count="2" type="stmt"/>
          <line num="5" count="2" type="stmt"/>
        </file>
      </package>
      <package name="src.components.Helper.OptionButton">
        <metrics statements="4" coveredstatements="4" conditionals="2" coveredconditionals="2" methods="3" coveredmethods="2"/>
        <file name="OptionButton.Styles.jsx" path="/mnt/c/Users/Maciej_Chmura/dev/react-js-mentoring/src/components/Helper/OptionButton/OptionButton.Styles.jsx">
          <metrics statements="2" coveredstatements="2" conditionals="2" coveredconditionals="2" methods="1" coveredmethods="1"/>
          <line num="3" count="5" type="stmt"/>
          <line num="10" count="26" type="cond" truecount="2" falsecount="0"/>
        </file>
        <file name="OptionButton.jsx" path="/mnt/c/Users/Maciej_Chmura/dev/react-js-mentoring/src/components/Helper/OptionButton/OptionButton.jsx">
          <metrics statements="2" coveredstatements="2" conditionals="0" coveredconditionals="0" methods="2" coveredmethods="1"/>
          <line num="4" count="5" type="stmt"/>
          <line num="5" count="13" type="stmt"/>
        </file>
      </package>
      <package name="src.components.Helper.ResultsOptions">
        <metrics statements="6" coveredstatements="6" conditionals="0" coveredconditionals="0" methods="2" coveredmethods="2"/>
        <file name="ResultsOptions.Styles.jsx" path="/mnt/c/Users/Maciej_Chmura/dev/react-js-mentoring/src/components/Helper/ResultsOptions/ResultsOptions.Styles.jsx">
          <metrics statements="3" coveredstatements="3" conditionals="0" coveredconditionals="0" methods="0" coveredmethods="0"/>
          <line num="3" count="3" type="stmt"/>
          <line num="10" count="3" type="stmt"/>
          <line num="14" count="3" type="stmt"/>
        </file>
        <file name="ResultsOptions.jsx" path="/mnt/c/Users/Maciej_Chmura/dev/react-js-mentoring/src/components/Helper/ResultsOptions/ResultsOptions.jsx">
          <metrics statements="3" coveredstatements="3" conditionals="0" coveredconditionals="0" methods="2" coveredmethods="2"/>
          <line num="9" count="3" type="stmt"/>
          <line num="10" count="3" type="stmt"/>
          <line num="15" count="6" type="stmt"/>
        </file>
      </package>
      <package name="src.components.Pages.DetailPage">
        <metrics statements="4" coveredstatements="4" conditionals="2" coveredconditionals="1" methods="4" coveredmethods="2"/>
        <file name="DetailPage.Styles.jsx" path="/mnt/c/Users/Maciej_Chmura/dev/react-js-mentoring/src/components/Pages/DetailPage/DetailPage.Styles.jsx">
          <metrics statements="1" coveredstatements="1" conditionals="0" coveredconditionals="0" methods="0" coveredmethods="0"/>
          <line num="4" count="2" type="stmt"/>
        </file>
        <file name="DetailPage.jsx" path="/mnt/c/Users/Maciej_Chmura/dev/react-js-mentoring/src/components/Pages/DetailPage/DetailPage.jsx">
          <metrics statements="3" coveredstatements="3" conditionals="2" coveredconditionals="1" methods="4" coveredmethods="2"/>
          <line num="12" count="1" type="stmt"/>
          <line num="16" count="1" type="stmt"/>
          <line num="17" count="1" type="stmt"/>
        </file>
      </package>
      <package name="src.components.Pages.SearchPage">
        <metrics statements="13" coveredstatements="6" conditionals="2" coveredconditionals="1" methods="11" coveredmethods="2"/>
        <file name="SearchPage.Styles.jsx" path="/mnt/c/Users/Maciej_Chmura/dev/react-js-mentoring/src/components/Pages/SearchPage/SearchPage.Styles.jsx">
          <metrics statements="3" coveredstatements="3" conditionals="0" coveredconditionals="0" methods="0" coveredmethods="0"/>
          <line num="4" count="2" type="stmt"/>
          <line num="10" count="2" type="stmt"/>
          <line num="21" count="2" type="stmt"/>
        </file>
        <file name="SearchPage.jsx" path="/mnt/c/Users/Maciej_Chmura/dev/react-js-mentoring/src/components/Pages/SearchPage/SearchPage.jsx">
          <metrics statements="10" coveredstatements="3" conditionals="2" coveredconditionals="1" methods="11" coveredmethods="2"/>
          <line num="22" count="2" type="stmt"/>
          <line num="23" count="0" type="stmt"/>
          <line num="28" count="0" type="stmt"/>
          <line num="32" count="0" type="stmt"/>
          <line num="33" count="0" type="stmt"/>
          <line num="37" count="0" type="stmt"/>
          <line num="41" count="0" type="stmt"/>
          <line num="42" count="0" type="stmt"/>
          <line num="46" count="2" type="stmt"/>
          <line num="48" count="2" type="stmt"/>
        </file>
      </package>
      <package name="src.utils">
        <metrics statements="16" coveredstatements="15" conditionals="1" coveredconditionals="0" methods="9" coveredmethods="6"/>
        <file name="dataLoaders.js" path="/mnt/c/Users/Maciej_Chmura/dev/react-js-mentoring/src/utils/dataLoaders.js">
          <metrics statements="14" coveredstatements="13" conditionals="1" coveredconditionals="0" methods="9" coveredmethods="6"/>
          <line num="3" count="3" type="stmt"/>
          <line num="5" count="3" type="cond" truecount="0" falsecount="1"/>
          <line num="6" count="2" type="stmt"/>
          <line num="7" count="2" type="stmt"/>
          <line num="10" count="3" type="stmt"/>
          <line num="11" count="2" type="stmt"/>
          <line num="12" count="2" type="stmt"/>
          <line num="15" count="3" type="stmt"/>
          <line num="16" count="1" type="stmt"/>
          <line num="17" count="1" type="stmt"/>
          <line num="20" count="3" type="stmt"/>
          <line num="21" count="0" type="stmt"/>
          <line num="29" count="3" type="stmt"/>
          <line num="31" count="3" type="stmt"/>
        </file>
        <file name="sortingTypeConstants.js" path="/mnt/c/Users/Maciej_Chmura/dev/react-js-mentoring/src/utils/sortingTypeConstants.js">
          <metrics statements="2" coveredstatements="2" conditionals="0" coveredconditionals="0" methods="0" coveredmethods="0"/>
          <line num="1" count="2" type="stmt"/>
          <line num="6" count="2" type="stmt"/>
        </file>
      </package>
    </metrics>
  </project>
</coverage>
