{"/mnt/c/Users/Maciej_Chmura/dev/react-js-mentoring/src/enzyme.js": {"path":"/mnt/c/Users/Maciej_Chmura/dev/react-js-mentoring/src/enzyme.js","statementMap":{"0":{"start":{"line":6,"column":0},"end":{"line":6,"column":38}}},"fnMap":{},"branchMap":{},"s":{"0":10},"f":{},"b":{},"_coverageSchema":"332fd63041d2c1bcb487cc26dd0d5f7d97098a6c","hash":"a832d4dbfb5b4200e5f1e540733b5bc7db35f03c"}
,"/mnt/c/Users/Maciej_Chmura/dev/react-js-mentoring/src/components/App.Styles.jsx": {"path":"/mnt/c/Users/Maciej_Chmura/dev/react-js-mentoring/src/components/App.Styles.jsx","statementMap":{"0":{"start":{"line":4,"column":29},"end":{"line":8,"column":1}},"1":{"start":{"line":10,"column":29},"end":{"line":19,"column":1}},"2":{"start":{"line":21,"column":22},"end":{"line":24,"column":1}},"3":{"start":{"line":26,"column":22},"end":{"line":37,"column":1}},"4":{"start":{"line":39,"column":33},"end":{"line":43,"column":1}}},"fnMap":{},"branchMap":{},"s":{"0":1,"1":1,"2":1,"3":1,"4":1},"f":{},"b":{},"_coverageSchema":"332fd63041d2c1bcb487cc26dd0d5f7d97098a6c","hash":"525cbe6a4fca390410fd7b56496510212b95ec7a"}
,"/mnt/c/Users/Maciej_Chmura/dev/react-js-mentoring/src/components/App.jsx": {"path":"/mnt/c/Users/Maciej_Chmura/dev/react-js-mentoring/src/components/App.jsx","statementMap":{"0":{"start":{"line":15,"column":25},"end":{"line":15,"column":35}},"1":{"start":{"line":16,"column":20},"end":{"line":16,"column":63}},"2":{"start":{"line":17,"column":4},"end":{"line":17,"column":52}},"3":{"start":{"line":17,"column":28},"end":{"line":17,"column":49}},"4":{"start":{"line":21,"column":25},"end":{"line":21,"column":35}},"5":{"start":{"line":22,"column":4},"end":{"line":30,"column":6}}},"fnMap":{"0":{"name":"(anonymous_0)","decl":{"start":{"line":14,"column":15},"end":{"line":14,"column":16}},"loc":{"start":{"line":14,"column":21},"end":{"line":18,"column":3}},"line":14},"1":{"name":"(anonymous_1)","decl":{"start":{"line":17,"column":18},"end":{"line":17,"column":19}},"loc":{"start":{"line":17,"column":28},"end":{"line":17,"column":49}},"line":17},"2":{"name":"(anonymous_2)","decl":{"start":{"line":20,"column":2},"end":{"line":20,"column":3}},"loc":{"start":{"line":20,"column":11},"end":{"line":31,"column":3}},"line":20}},"branchMap":{"0":{"loc":{"start":{"line":16,"column":20},"end":{"line":16,"column":63}},"type":"cond-expr","locations":[{"start":{"line":16,"column":44},"end":{"line":16,"column":52}},{"start":{"line":16,"column":55},"end":{"line":16,"column":63}}],"line":16},"1":{"loc":{"start":{"line":25,"column":9},"end":{"line":25,"column":64}},"type":"cond-expr","locations":[{"start":{"line":25,"column":33},"end":{"line":25,"column":47}},{"start":{"line":25,"column":50},"end":{"line":25,"column":64}}],"line":25}},"s":{"0":0,"1":0,"2":0,"3":0,"4":1,"5":1},"f":{"0":0,"1":0,"2":1},"b":{"0":[0,0],"1":[1,0]},"_coverageSchema":"332fd63041d2c1bcb487cc26dd0d5f7d97098a6c","hash":"17f5da941a7bd44ccaedf2c0d91df6d6fbb025b0"}
,"/mnt/c/Users/Maciej_Chmura/dev/react-js-mentoring/src/components/ErrorBoundary.jsx": {"path":"/mnt/c/Users/Maciej_Chmura/dev/react-js-mentoring/src/components/ErrorBoundary.jsx","statementMap":{"0":{"start":{"line":5,"column":4},"end":{"line":5,"column":17}},"1":{"start":{"line":6,"column":4},"end":{"line":6,"column":37}},"2":{"start":{"line":11,"column":4},"end":{"line":11,"column":30}},"3":{"start":{"line":16,"column":4},"end":{"line":16,"column":29}},"4":{"start":{"line":20,"column":4},"end":{"line":22,"column":5}},"5":{"start":{"line":21,"column":6},"end":{"line":21,"column":44}},"6":{"start":{"line":24,"column":4},"end":{"line":24,"column":31}}},"fnMap":{"0":{"name":"(anonymous_0)","decl":{"start":{"line":4,"column":2},"end":{"line":4,"column":3}},"loc":{"start":{"line":4,"column":21},"end":{"line":7,"column":3}},"line":4},"1":{"name":"(anonymous_1)","decl":{"start":{"line":9,"column":2},"end":{"line":9,"column":3}},"loc":{"start":{"line":9,"column":41},"end":{"line":12,"column":3}},"line":9},"2":{"name":"(anonymous_2)","decl":{"start":{"line":14,"column":2},"end":{"line":14,"column":3}},"loc":{"start":{"line":14,"column":33},"end":{"line":17,"column":3}},"line":14},"3":{"name":"(anonymous_3)","decl":{"start":{"line":19,"column":2},"end":{"line":19,"column":3}},"loc":{"start":{"line":19,"column":11},"end":{"line":25,"column":3}},"line":19}},"branchMap":{"0":{"loc":{"start":{"line":20,"column":4},"end":{"line":22,"column":5}},"type":"if","locations":[{"start":{"line":20,"column":4},"end":{"line":22,"column":5}},{"start":{"line":20,"column":4},"end":{"line":22,"column":5}}],"line":20}},"s":{"0":1,"1":1,"2":0,"3":0,"4":1,"5":0,"6":1},"f":{"0":1,"1":0,"2":0,"3":1},"b":{"0":[0,1]},"_coverageSchema":"332fd63041d2c1bcb487cc26dd0d5f7d97098a6c","hash":"463f798a94e09eeb9431890a1843c9c56a7cdb9d"}
,"/mnt/c/Users/Maciej_Chmura/dev/react-js-mentoring/src/components/GlobalStyle.jsx": {"path":"/mnt/c/Users/Maciej_Chmura/dev/react-js-mentoring/src/components/GlobalStyle.jsx","statementMap":{"0":{"start":{"line":3,"column":20},"end":{"line":13,"column":1}}},"fnMap":{},"branchMap":{},"s":{"0":1},"f":{},"b":{},"_coverageSchema":"332fd63041d2c1bcb487cc26dd0d5f7d97098a6c","hash":"f7227197a7dc659f6ad38216ae4da24b270b0aa2"}
,"/mnt/c/Users/Maciej_Chmura/dev/react-js-mentoring/src/components/Body/MovieGenre/MovieGenre.Styles.jsx": {"path":"/mnt/c/Users/Maciej_Chmura/dev/react-js-mentoring/src/components/Body/MovieGenre/MovieGenre.Styles.jsx","statementMap":{"0":{"start":{"line":3,"column":26},"end":{"line":7,"column":1}}},"fnMap":{},"branchMap":{},"s":{"0":2},"f":{},"b":{},"_coverageSchema":"332fd63041d2c1bcb487cc26dd0d5f7d97098a6c","hash":"c5e5c49859806f9712ad0843227c69f992068a08"}
,"/mnt/c/Users/Maciej_Chmura/dev/react-js-mentoring/src/components/Body/MovieGenre/MovieGenre.jsx": {"path":"/mnt/c/Users/Maciej_Chmura/dev/react-js-mentoring/src/components/Body/MovieGenre/MovieGenre.jsx","statementMap":{"0":{"start":{"line":4,"column":19},"end":{"line":10,"column":1}},"1":{"start":{"line":5,"column":2},"end":{"line":9,"column":22}},"2":{"start":{"line":7,"column":6},"end":{"line":7,"column":44}}},"fnMap":{"0":{"name":"(anonymous_0)","decl":{"start":{"line":4,"column":19},"end":{"line":4,"column":20}},"loc":{"start":{"line":5,"column":2},"end":{"line":9,"column":22}},"line":5},"1":{"name":"(anonymous_1)","decl":{"start":{"line":6,"column":16},"end":{"line":6,"column":17}},"loc":{"start":{"line":7,"column":6},"end":{"line":7,"column":44}},"line":7}},"branchMap":{},"s":{"0":2,"1":0,"2":0},"f":{"0":0,"1":0},"b":{},"_coverageSchema":"332fd63041d2c1bcb487cc26dd0d5f7d97098a6c","hash":"35e282484c5192a0b7ae3bbca0897365757ac899"}
,"/mnt/c/Users/Maciej_Chmura/dev/react-js-mentoring/src/components/Body/MovieInfo/MovieInfo.Styles.jsx": {"path":"/mnt/c/Users/Maciej_Chmura/dev/react-js-mentoring/src/components/Body/MovieInfo/MovieInfo.Styles.jsx","statementMap":{"0":{"start":{"line":3,"column":32},"end":{"line":7,"column":1}},"1":{"start":{"line":9,"column":21},"end":{"line":13,"column":1}},"2":{"start":{"line":15,"column":20},"end":{"line":19,"column":1}}},"fnMap":{},"branchMap":{},"s":{"0":2,"1":2,"2":2},"f":{},"b":{},"_coverageSchema":"332fd63041d2c1bcb487cc26dd0d5f7d97098a6c","hash":"e4472d67e02bd57c4aa1cb39761a26ca229bab7d"}
,"/mnt/c/Users/Maciej_Chmura/dev/react-js-mentoring/src/components/Body/MovieInfo/MovieInfo.jsx": {"path":"/mnt/c/Users/Maciej_Chmura/dev/react-js-mentoring/src/components/Body/MovieInfo/MovieInfo.jsx","statementMap":{"0":{"start":{"line":4,"column":18},"end":{"line":12,"column":1}},"1":{"start":{"line":5,"column":22},"end":{"line":5,"column":46}},"2":{"start":{"line":6,"column":2},"end":{"line":11,"column":4}}},"fnMap":{"0":{"name":"(anonymous_0)","decl":{"start":{"line":4,"column":18},"end":{"line":4,"column":19}},"loc":{"start":{"line":4,"column":47},"end":{"line":12,"column":1}},"line":4}},"branchMap":{},"s":{"0":2,"1":0,"2":0},"f":{"0":0},"b":{},"_coverageSchema":"332fd63041d2c1bcb487cc26dd0d5f7d97098a6c","hash":"a36167b6197441cf038edbd8f10a51e8915ede30"}
,"/mnt/c/Users/Maciej_Chmura/dev/react-js-mentoring/src/components/Body/MoviePoster/MoviePoster.Styles.jsx": {"path":"/mnt/c/Users/Maciej_Chmura/dev/react-js-mentoring/src/components/Body/MoviePoster/MoviePoster.Styles.jsx","statementMap":{"0":{"start":{"line":3,"column":29},"end":{"line":7,"column":1}},"1":{"start":{"line":9,"column":19},"end":{"line":11,"column":1}}},"fnMap":{},"branchMap":{},"s":{"0":5,"1":5},"f":{},"b":{},"_coverageSchema":"332fd63041d2c1bcb487cc26dd0d5f7d97098a6c","hash":"b60314b77c4e4862b779b9ef4356dd1d5d6f1a9e"}
,"/mnt/c/Users/Maciej_Chmura/dev/react-js-mentoring/src/components/Body/MoviePoster/MoviePoster.jsx": {"path":"/mnt/c/Users/Maciej_Chmura/dev/react-js-mentoring/src/components/Body/MoviePoster/MoviePoster.jsx","statementMap":{"0":{"start":{"line":4,"column":20},"end":{"line":8,"column":1}},"1":{"start":{"line":5,"column":2},"end":{"line":7,"column":18}}},"fnMap":{"0":{"name":"(anonymous_0)","decl":{"start":{"line":4,"column":20},"end":{"line":4,"column":21}},"loc":{"start":{"line":5,"column":2},"end":{"line":7,"column":18}},"line":5}},"branchMap":{},"s":{"0":5,"1":1},"f":{"0":1},"b":{},"_coverageSchema":"332fd63041d2c1bcb487cc26dd0d5f7d97098a6c","hash":"f42d0acda4a9d49d1e705abc3e83859227b596a7"}
,"/mnt/c/Users/Maciej_Chmura/dev/react-js-mentoring/src/components/Body/MovieTile/MovieTile.Styles.jsx": {"path":"/mnt/c/Users/Maciej_Chmura/dev/react-js-mentoring/src/components/Body/MovieTile/MovieTile.Styles.jsx","statementMap":{"0":{"start":{"line":3,"column":25},"end":{"line":11,"column":1}}},"fnMap":{},"branchMap":{},"s":{"0":2},"f":{},"b":{},"_coverageSchema":"332fd63041d2c1bcb487cc26dd0d5f7d97098a6c","hash":"6f555dc5319a5fa164f48f6121acb580bebab0ae"}
,"/mnt/c/Users/Maciej_Chmura/dev/react-js-mentoring/src/components/Body/MovieTile/MovieTile.jsx": {"path":"/mnt/c/Users/Maciej_Chmura/dev/react-js-mentoring/src/components/Body/MovieTile/MovieTile.jsx","statementMap":{"0":{"start":{"line":7,"column":18},"end":{"line":13,"column":1}},"1":{"start":{"line":8,"column":2},"end":{"line":12,"column":21}}},"fnMap":{"0":{"name":"(anonymous_0)","decl":{"start":{"line":7,"column":18},"end":{"line":7,"column":19}},"loc":{"start":{"line":8,"column":2},"end":{"line":12,"column":21}},"line":8}},"branchMap":{},"s":{"0":2,"1":0},"f":{"0":0},"b":{},"_coverageSchema":"332fd63041d2c1bcb487cc26dd0d5f7d97098a6c","hash":"fae508a323b17232b172f5a60bd2626ac0a6fe73"}
,"/mnt/c/Users/Maciej_Chmura/dev/react-js-mentoring/src/components/Body/Results/Results.Styles.jsx": {"path":"/mnt/c/Users/Maciej_Chmura/dev/react-js-mentoring/src/components/Body/Results/Results.Styles.jsx","statementMap":{"0":{"start":{"line":3,"column":23},"end":{"line":11,"column":1}}},"fnMap":{},"branchMap":{},"s":{"0":2},"f":{},"b":{},"_coverageSchema":"332fd63041d2c1bcb487cc26dd0d5f7d97098a6c","hash":"8528ee7a2477ab9a5a94a48d8c07ec7a245135dc"}
,"/mnt/c/Users/Maciej_Chmura/dev/react-js-mentoring/src/components/Body/Results/Results.jsx": {"path":"/mnt/c/Users/Maciej_Chmura/dev/react-js-mentoring/src/components/Body/Results/Results.jsx","statementMap":{"0":{"start":{"line":5,"column":16},"end":{"line":11,"column":1}},"1":{"start":{"line":6,"column":2},"end":{"line":10,"column":19}},"2":{"start":{"line":8,"column":6},"end":{"line":8,"column":49}}},"fnMap":{"0":{"name":"(anonymous_0)","decl":{"start":{"line":5,"column":16},"end":{"line":5,"column":17}},"loc":{"start":{"line":6,"column":2},"end":{"line":10,"column":19}},"line":6},"1":{"name":"(anonymous_1)","decl":{"start":{"line":7,"column":17},"end":{"line":7,"column":18}},"loc":{"start":{"line":8,"column":6},"end":{"line":8,"column":49}},"line":8}},"branchMap":{},"s":{"0":2,"1":0,"2":0},"f":{"0":0,"1":0},"b":{},"_coverageSchema":"332fd63041d2c1bcb487cc26dd0d5f7d97098a6c","hash":"fbe0a6136c6796748dbb63c86b677eb9f861e199"}
,"/mnt/c/Users/Maciej_Chmura/dev/react-js-mentoring/src/components/Detail/MovieDetails.Styles.jsx": {"path":"/mnt/c/Users/Maciej_Chmura/dev/react-js-mentoring/src/components/Detail/MovieDetails.Styles.jsx","statementMap":{"0":{"start":{"line":3,"column":30},"end":{"line":7,"column":1}},"1":{"start":{"line":9,"column":27},"end":{"line":12,"column":1}},"2":{"start":{"line":14,"column":26},"end":{"line":17,"column":1}},"3":{"start":{"line":19,"column":27},"end":{"line":22,"column":1}},"4":{"start":{"line":24,"column":25},"end":{"line":27,"column":1}},"5":{"start":{"line":29,"column":28},"end":{"line":32,"column":1}}},"fnMap":{},"branchMap":{},"s":{"0":3,"1":3,"2":3,"3":3,"4":3,"5":3},"f":{},"b":{},"_coverageSchema":"332fd63041d2c1bcb487cc26dd0d5f7d97098a6c","hash":"1a0a01b97ded4b5787cbc781e34ff5472ffb7143"}
,"/mnt/c/Users/Maciej_Chmura/dev/react-js-mentoring/src/components/Detail/MovieDetails.jsx": {"path":"/mnt/c/Users/Maciej_Chmura/dev/react-js-mentoring/src/components/Detail/MovieDetails.jsx","statementMap":{"0":{"start":{"line":12,"column":21},"end":{"line":27,"column":1}},"1":{"start":{"line":13,"column":22},"end":{"line":13,"column":54}},"2":{"start":{"line":14,"column":2},"end":{"line":26,"column":4}}},"fnMap":{"0":{"name":"(anonymous_0)","decl":{"start":{"line":12,"column":21},"end":{"line":12,"column":22}},"loc":{"start":{"line":12,"column":38},"end":{"line":27,"column":1}},"line":12}},"branchMap":{},"s":{"0":3,"1":1,"2":1},"f":{"0":1},"b":{},"_coverageSchema":"332fd63041d2c1bcb487cc26dd0d5f7d97098a6c","hash":"58b3faad4e2336225bd64b187b41d68dd8ce1568"}
,"/mnt/c/Users/Maciej_Chmura/dev/react-js-mentoring/src/components/Header/FormTitle/FormTitle.Styles.jsx": {"path":"/mnt/c/Users/Maciej_Chmura/dev/react-js-mentoring/src/components/Header/FormTitle/FormTitle.Styles.jsx","statementMap":{"0":{"start":{"line":3,"column":11},"end":{"line":9,"column":1}}},"fnMap":{},"branchMap":{},"s":{"0":2},"f":{},"b":{},"_coverageSchema":"332fd63041d2c1bcb487cc26dd0d5f7d97098a6c","hash":"86f06b7b4104833a93e85aa7f4da29461e1de440"}
,"/mnt/c/Users/Maciej_Chmura/dev/react-js-mentoring/src/components/Header/FormTitle/FormTitle.jsx": {"path":"/mnt/c/Users/Maciej_Chmura/dev/react-js-mentoring/src/components/Header/FormTitle/FormTitle.jsx","statementMap":{"0":{"start":{"line":4,"column":18},"end":{"line":4,"column":48}},"1":{"start":{"line":4,"column":24},"end":{"line":4,"column":48}}},"fnMap":{"0":{"name":"(anonymous_0)","decl":{"start":{"line":4,"column":18},"end":{"line":4,"column":19}},"loc":{"start":{"line":4,"column":24},"end":{"line":4,"column":48}},"line":4}},"branchMap":{},"s":{"0":2,"1":2},"f":{"0":2},"b":{},"_coverageSchema":"332fd63041d2c1bcb487cc26dd0d5f7d97098a6c","hash":"0cac263618ca9768b020f39a803fe6c94eaa5464"}
,"/mnt/c/Users/Maciej_Chmura/dev/react-js-mentoring/src/components/Header/PageName/PageName.Styles.jsx": {"path":"/mnt/c/Users/Maciej_Chmura/dev/react-js-mentoring/src/components/Header/PageName/PageName.Styles.jsx","statementMap":{"0":{"start":{"line":3,"column":11},"end":{"line":8,"column":1}}},"fnMap":{},"branchMap":{},"s":{"0":3},"f":{},"b":{},"_coverageSchema":"332fd63041d2c1bcb487cc26dd0d5f7d97098a6c","hash":"aaf13fe35164cf4b88ec9a9641881a87fbe6037a"}
,"/mnt/c/Users/Maciej_Chmura/dev/react-js-mentoring/src/components/Header/PageName/PageName.jsx": {"path":"/mnt/c/Users/Maciej_Chmura/dev/react-js-mentoring/src/components/Header/PageName/PageName.jsx","statementMap":{"0":{"start":{"line":4,"column":17},"end":{"line":4,"column":48}},"1":{"start":{"line":4,"column":23},"end":{"line":4,"column":48}}},"fnMap":{"0":{"name":"(anonymous_0)","decl":{"start":{"line":4,"column":17},"end":{"line":4,"column":18}},"loc":{"start":{"line":4,"column":23},"end":{"line":4,"column":48}},"line":4}},"branchMap":{},"s":{"0":3,"1":3},"f":{"0":3},"b":{},"_coverageSchema":"332fd63041d2c1bcb487cc26dd0d5f7d97098a6c","hash":"05b5dbad7657bfd7e5febc035ec937de8d3bd181"}
,"/mnt/c/Users/Maciej_Chmura/dev/react-js-mentoring/src/components/Header/SearchForm/SearchForm.Styles.jsx": {"path":"/mnt/c/Users/Maciej_Chmura/dev/react-js-mentoring/src/components/Header/SearchForm/SearchForm.Styles.jsx","statementMap":{"0":{"start":{"line":3,"column":23},"end":{"line":7,"column":1}},"1":{"start":{"line":9,"column":28},"end":{"line":18,"column":1}},"2":{"start":{"line":20,"column":30},"end":{"line":24,"column":1}},"3":{"start":{"line":26,"column":23},"end":{"line":31,"column":1}},"4":{"start":{"line":33,"column":28},"end":{"line":44,"column":1}}},"fnMap":{},"branchMap":{},"s":{"0":3,"1":3,"2":3,"3":3,"4":3},"f":{},"b":{},"_coverageSchema":"332fd63041d2c1bcb487cc26dd0d5f7d97098a6c","hash":"538219b1923c3bb1fe2459834076008a380504ff"}
,"/mnt/c/Users/Maciej_Chmura/dev/react-js-mentoring/src/components/Header/SearchForm/SearchForm.jsx": {"path":"/mnt/c/Users/Maciej_Chmura/dev/react-js-mentoring/src/components/Header/SearchForm/SearchForm.jsx","statementMap":{"0":{"start":{"line":17,"column":4},"end":{"line":17,"column":55}},"1":{"start":{"line":21,"column":4},"end":{"line":23,"column":5}},"2":{"start":{"line":22,"column":6},"end":{"line":22,"column":30}},"3":{"start":{"line":27,"column":4},"end":{"line":27,"column":56}},"4":{"start":{"line":31,"column":43},"end":{"line":31,"column":53}},"5":{"start":{"line":32,"column":28},"end":{"line":32,"column":38}},"6":{"start":{"line":33,"column":4},"end":{"line":60,"column":6}},"7":{"start":{"line":47,"column":14},"end":{"line":52,"column":16}}},"fnMap":{"0":{"name":"(anonymous_0)","decl":{"start":{"line":16,"column":22},"end":{"line":16,"column":23}},"loc":{"start":{"line":16,"column":31},"end":{"line":18,"column":3}},"line":16},"1":{"name":"(anonymous_1)","decl":{"start":{"line":20,"column":19},"end":{"line":20,"column":20}},"loc":{"start":{"line":20,"column":28},"end":{"line":24,"column":3}},"line":20},"2":{"name":"(anonymous_2)","decl":{"start":{"line":26,"column":21},"end":{"line":26,"column":22}},"loc":{"start":{"line":26,"column":27},"end":{"line":28,"column":3}},"line":26},"3":{"name":"(anonymous_3)","decl":{"start":{"line":30,"column":2},"end":{"line":30,"column":3}},"loc":{"start":{"line":30,"column":11},"end":{"line":61,"column":3}},"line":30},"4":{"name":"(anonymous_4)","decl":{"start":{"line":46,"column":37},"end":{"line":46,"column":38}},"loc":{"start":{"line":47,"column":14},"end":{"line":52,"column":16}},"line":47}},"branchMap":{"0":{"loc":{"start":{"line":21,"column":4},"end":{"line":23,"column":5}},"type":"if","locations":[{"start":{"line":21,"column":4},"end":{"line":23,"column":5}},{"start":{"line":21,"column":4},"end":{"line":23,"column":5}}],"line":21}},"s":{"0":0,"1":0,"2":0,"3":0,"4":3,"5":3,"6":3,"7":6},"f":{"0":0,"1":0,"2":0,"3":3,"4":6},"b":{"0":[0,0]},"_coverageSchema":"332fd63041d2c1bcb487cc26dd0d5f7d97098a6c","hash":"1ae6502ef0d6bbc75026963edd60269b61b06dd5"}
,"/mnt/c/Users/Maciej_Chmura/dev/react-js-mentoring/src/components/Helper/ChangePageButton/ChangePageButton.Styles.jsx": {"path":"/mnt/c/Users/Maciej_Chmura/dev/react-js-mentoring/src/components/Helper/ChangePageButton/ChangePageButton.Styles.jsx","statementMap":{"0":{"start":{"line":3,"column":15},"end":{"line":15,"column":1}}},"fnMap":{},"branchMap":{},"s":{"0":2},"f":{},"b":{},"_coverageSchema":"332fd63041d2c1bcb487cc26dd0d5f7d97098a6c","hash":"d194482647e2a72ef9bd3377cfa93aeb32009ab4"}
,"/mnt/c/Users/Maciej_Chmura/dev/react-js-mentoring/src/components/Helper/ChangePageButton/ChangePageButton.jsx": {"path":"/mnt/c/Users/Maciej_Chmura/dev/react-js-mentoring/src/components/Helper/ChangePageButton/ChangePageButton.jsx","statementMap":{"0":{"start":{"line":4,"column":25},"end":{"line":6,"column":1}},"1":{"start":{"line":5,"column":2},"end":{"line":5,"column":51}}},"fnMap":{"0":{"name":"(anonymous_0)","decl":{"start":{"line":4,"column":25},"end":{"line":4,"column":26}},"loc":{"start":{"line":5,"column":2},"end":{"line":5,"column":51}},"line":5}},"branchMap":{},"s":{"0":2,"1":2},"f":{"0":2},"b":{},"_coverageSchema":"332fd63041d2c1bcb487cc26dd0d5f7d97098a6c","hash":"1e47e8802c7ff9f3f7b10973522c2e8057fe3209"}
,"/mnt/c/Users/Maciej_Chmura/dev/react-js-mentoring/src/components/Helper/OptionButton/OptionButton.Styles.jsx": {"path":"/mnt/c/Users/Maciej_Chmura/dev/react-js-mentoring/src/components/Helper/OptionButton/OptionButton.Styles.jsx","statementMap":{"0":{"start":{"line":3,"column":15},"end":{"line":14,"column":1}},"1":{"start":{"line":10,"column":4},"end":{"line":10,"column":51}}},"fnMap":{"0":{"name":"(anonymous_0)","decl":{"start":{"line":9,"column":22},"end":{"line":9,"column":23}},"loc":{"start":{"line":10,"column":4},"end":{"line":10,"column":51}},"line":10}},"branchMap":{"0":{"loc":{"start":{"line":10,"column":4},"end":{"line":10,"column":51}},"type":"cond-expr","locations":[{"start":{"line":10,"column":34},"end":{"line":10,"column":42}},{"start":{"line":10,"column":45},"end":{"line":10,"column":51}}],"line":10}},"s":{"0":5,"1":26},"f":{"0":26},"b":{"0":[10,16]},"_coverageSchema":"332fd63041d2c1bcb487cc26dd0d5f7d97098a6c","hash":"53d4c85f541a2ef868562d9e9fe6935323382686"}
,"/mnt/c/Users/Maciej_Chmura/dev/react-js-mentoring/src/components/Helper/OptionButton/OptionButton.jsx": {"path":"/mnt/c/Users/Maciej_Chmura/dev/react-js-mentoring/src/components/Helper/OptionButton/OptionButton.jsx","statementMap":{"0":{"start":{"line":4,"column":21},"end":{"line":8,"column":1}},"1":{"start":{"line":5,"column":2},"end":{"line":7,"column":11}},"2":{"start":{"line":5,"column":25},"end":{"line":5,"column":43}}},"fnMap":{"0":{"name":"(anonymous_0)","decl":{"start":{"line":4,"column":21},"end":{"line":4,"column":22}},"loc":{"start":{"line":5,"column":2},"end":{"line":7,"column":11}},"line":5},"1":{"name":"(anonymous_1)","decl":{"start":{"line":5,"column":19},"end":{"line":5,"column":20}},"loc":{"start":{"line":5,"column":25},"end":{"line":5,"column":43}},"line":5}},"branchMap":{},"s":{"0":5,"1":13,"2":0},"f":{"0":13,"1":0},"b":{},"_coverageSchema":"332fd63041d2c1bcb487cc26dd0d5f7d97098a6c","hash":"bc45b19ca9c6f418e6104c6535bc3675f08f8f26"}
,"/mnt/c/Users/Maciej_Chmura/dev/react-js-mentoring/src/components/Helper/ResultsOptions/ResultsOptions.Styles.jsx": {"path":"/mnt/c/Users/Maciej_Chmura/dev/react-js-mentoring/src/components/Helper/ResultsOptions/ResultsOptions.Styles.jsx","statementMap":{"0":{"start":{"line":3,"column":37},"end":{"line":8,"column":1}},"1":{"start":{"line":10,"column":30},"end":{"line":12,"column":1}},"2":{"start":{"line":14,"column":23},"end":{"line":18,"column":1}}},"fnMap":{},"branchMap":{},"s":{"0":3,"1":3,"2":3},"f":{},"b":{},"_coverageSchema":"332fd63041d2c1bcb487cc26dd0d5f7d97098a6c","hash":"a600803ae7cfd036eae5a6ef081d198860a78856"}
,"/mnt/c/Users/Maciej_Chmura/dev/react-js-mentoring/src/components/Helper/ResultsOptions/ResultsOptions.jsx": {"path":"/mnt/c/Users/Maciej_Chmura/dev/react-js-mentoring/src/components/Helper/ResultsOptions/ResultsOptions.jsx","statementMap":{"0":{"start":{"line":9,"column":23},"end":{"line":24,"column":1}},"1":{"start":{"line":10,"column":2},"end":{"line":23,"column":26}},"2":{"start":{"line":15,"column":8},"end":{"line":20,"column":10}}},"fnMap":{"0":{"name":"(anonymous_0)","decl":{"start":{"line":9,"column":23},"end":{"line":9,"column":24}},"loc":{"start":{"line":10,"column":2},"end":{"line":23,"column":26}},"line":10},"1":{"name":"(anonymous_1)","decl":{"start":{"line":14,"column":38},"end":{"line":14,"column":39}},"loc":{"start":{"line":15,"column":8},"end":{"line":20,"column":10}},"line":15}},"branchMap":{},"s":{"0":3,"1":3,"2":6},"f":{"0":3,"1":6},"b":{},"_coverageSchema":"332fd63041d2c1bcb487cc26dd0d5f7d97098a6c","hash":"8e59f0f02513289186bc34b2a97d8cf825f0e535"}
,"/mnt/c/Users/Maciej_Chmura/dev/react-js-mentoring/src/components/Pages/DetailPage/DetailPage.Styles.jsx": {"path":"/mnt/c/Users/Maciej_Chmura/dev/react-js-mentoring/src/components/Pages/DetailPage/DetailPage.Styles.jsx","statementMap":{"0":{"start":{"line":4,"column":15},"end":{"line":17,"column":1}}},"fnMap":{},"branchMap":{},"s":{"0":2},"f":{},"b":{},"_coverageSchema":"332fd63041d2c1bcb487cc26dd0d5f7d97098a6c","hash":"3a31d00ddb69533e82de46db84da7c99d4de8cb4"}
,"/mnt/c/Users/Maciej_Chmura/dev/react-js-mentoring/src/components/Pages/DetailPage/DetailPage.jsx": {"path":"/mnt/c/Users/Maciej_Chmura/dev/react-js-mentoring/src/components/Pages/DetailPage/DetailPage.jsx","statementMap":{"0":{"start":{"line":12,"column":4},"end":{"line":12,"column":74}},"1":{"start":{"line":12,"column":31},"end":{"line":12,"column":72}},"2":{"start":{"line":12,"column":55},"end":{"line":12,"column":70}},"3":{"start":{"line":16,"column":22},"end":{"line":16,"column":32}},"4":{"start":{"line":17,"column":4},"end":{"line":21,"column":6}}},"fnMap":{"0":{"name":"(anonymous_0)","decl":{"start":{"line":11,"column":22},"end":{"line":11,"column":23}},"loc":{"start":{"line":11,"column":28},"end":{"line":13,"column":3}},"line":11},"1":{"name":"(anonymous_1)","decl":{"start":{"line":12,"column":23},"end":{"line":12,"column":24}},"loc":{"start":{"line":12,"column":31},"end":{"line":12,"column":72}},"line":12},"2":{"name":"(anonymous_2)","decl":{"start":{"line":12,"column":45},"end":{"line":12,"column":46}},"loc":{"start":{"line":12,"column":55},"end":{"line":12,"column":70}},"line":12},"3":{"name":"(anonymous_3)","decl":{"start":{"line":15,"column":2},"end":{"line":15,"column":3}},"loc":{"start":{"line":15,"column":11},"end":{"line":22,"column":3}},"line":15}},"branchMap":{"0":{"loc":{"start":{"line":19,"column":9},"end":{"line":19,"column":66}},"type":"cond-expr","locations":[{"start":{"line":19,"column":17},"end":{"line":19,"column":49}},{"start":{"line":19,"column":52},"end":{"line":19,"column":66}}],"line":19}},"s":{"0":1,"1":0,"2":0,"3":1,"4":1},"f":{"0":1,"1":0,"2":0,"3":1},"b":{"0":[0,1]},"_coverageSchema":"332fd63041d2c1bcb487cc26dd0d5f7d97098a6c","hash":"25f831545d7430aa5476409cfcdc8ed0515acdfd"}
,"/mnt/c/Users/Maciej_Chmura/dev/react-js-mentoring/src/components/Pages/SearchPage/SearchPage.Styles.jsx": {"path":"/mnt/c/Users/Maciej_Chmura/dev/react-js-mentoring/src/components/Pages/SearchPage/SearchPage.Styles.jsx","statementMap":{"0":{"start":{"line":4,"column":29},"end":{"line":8,"column":1}},"1":{"start":{"line":10,"column":29},"end":{"line":19,"column":1}},"2":{"start":{"line":21,"column":22},"end":{"line":32,"column":1}}},"fnMap":{},"branchMap":{},"s":{"0":2,"1":2,"2":2},"f":{},"b":{},"_coverageSchema":"332fd63041d2c1bcb487cc26dd0d5f7d97098a6c","hash":"a3329853098b6bd0f5813f7943e67305cee853f8"}
,"/mnt/c/Users/Maciej_Chmura/dev/react-js-mentoring/src/components/Pages/SearchPage/SearchPage.jsx": {"path":"/mnt/c/Users/Maciej_Chmura/dev/react-js-mentoring/src/components/Pages/SearchPage/SearchPage.jsx","statementMap":{"0":{"start":{"line":22,"column":4},"end":{"line":24,"column":6}},"1":{"start":{"line":23,"column":6},"end":{"line":23,"column":51}},"2":{"start":{"line":23,"column":30},"end":{"line":23,"column":49}},"3":{"start":{"line":28,"column":4},"end":{"line":28,"column":52}},"4":{"start":{"line":28,"column":28},"end":{"line":28,"column":49}},"5":{"start":{"line":32,"column":42},"end":{"line":32,"column":52}},"6":{"start":{"line":33,"column":4},"end":{"line":37,"column":66}},"7":{"start":{"line":37,"column":19},"end":{"line":37,"column":64}},"8":{"start":{"line":37,"column":43},"end":{"line":37,"column":62}},"9":{"start":{"line":41,"column":4},"end":{"line":41,"column":27}},"10":{"start":{"line":42,"column":4},"end":{"line":42,"column":53}},"11":{"start":{"line":42,"column":28},"end":{"line":42,"column":50}},"12":{"start":{"line":46,"column":48},"end":{"line":46,"column":58}},"13":{"start":{"line":48,"column":4},"end":{"line":66,"column":6}}},"fnMap":{"0":{"name":"(anonymous_0)","decl":{"start":{"line":21,"column":22},"end":{"line":21,"column":23}},"loc":{"start":{"line":21,"column":28},"end":{"line":25,"column":3}},"line":21},"1":{"name":"(anonymous_1)","decl":{"start":{"line":22,"column":26},"end":{"line":22,"column":27}},"loc":{"start":{"line":23,"column":6},"end":{"line":23,"column":51}},"line":23},"2":{"name":"(anonymous_2)","decl":{"start":{"line":23,"column":20},"end":{"line":23,"column":21}},"loc":{"start":{"line":23,"column":30},"end":{"line":23,"column":49}},"line":23},"3":{"name":"(anonymous_3)","decl":{"start":{"line":27,"column":18},"end":{"line":27,"column":19}},"loc":{"start":{"line":27,"column":26},"end":{"line":29,"column":3}},"line":27},"4":{"name":"(anonymous_4)","decl":{"start":{"line":28,"column":18},"end":{"line":28,"column":19}},"loc":{"start":{"line":28,"column":28},"end":{"line":28,"column":49}},"line":28},"5":{"name":"(anonymous_5)","decl":{"start":{"line":31,"column":18},"end":{"line":31,"column":19}},"loc":{"start":{"line":31,"column":34},"end":{"line":38,"column":3}},"line":31},"6":{"name":"(anonymous_6)","decl":{"start":{"line":37,"column":11},"end":{"line":37,"column":12}},"loc":{"start":{"line":37,"column":19},"end":{"line":37,"column":64}},"line":37},"7":{"name":"(anonymous_7)","decl":{"start":{"line":37,"column":33},"end":{"line":37,"column":34}},"loc":{"start":{"line":37,"column":43},"end":{"line":37,"column":62}},"line":37},"8":{"name":"(anonymous_8)","decl":{"start":{"line":40,"column":17},"end":{"line":40,"column":18}},"loc":{"start":{"line":40,"column":25},"end":{"line":43,"column":3}},"line":40},"9":{"name":"(anonymous_9)","decl":{"start":{"line":42,"column":18},"end":{"line":42,"column":19}},"loc":{"start":{"line":42,"column":28},"end":{"line":42,"column":50}},"line":42},"10":{"name":"(anonymous_10)","decl":{"start":{"line":45,"column":2},"end":{"line":45,"column":3}},"loc":{"start":{"line":45,"column":11},"end":{"line":67,"column":3}},"line":45}},"branchMap":{"0":{"loc":{"start":{"line":64,"column":9},"end":{"line":64,"column":59}},"type":"cond-expr","locations":[{"start":{"line":64,"column":16},"end":{"line":64,"column":42}},{"start":{"line":64,"column":45},"end":{"line":64,"column":59}}],"line":64}},"s":{"0":2,"1":0,"2":0,"3":0,"4":0,"5":0,"6":0,"7":0,"8":0,"9":0,"10":0,"11":0,"12":2,"13":2},"f":{"0":2,"1":0,"2":0,"3":0,"4":0,"5":0,"6":0,"7":0,"8":0,"9":0,"10":2},"b":{"0":[0,2]},"_coverageSchema":"332fd63041d2c1bcb487cc26dd0d5f7d97098a6c","hash":"5fe075a0ef0e215f5b13801931cad2ad138f5b06"}
,"/mnt/c/Users/Maciej_Chmura/dev/react-js-mentoring/src/utils/dataLoaders.js": {"path":"/mnt/c/Users/Maciej_Chmura/dev/react-js-mentoring/src/utils/dataLoaders.js","statementMap":{"0":{"start":{"line":3,"column":17},"end":{"line":3,"column":53}},"1":{"start":{"line":5,"column":19},"end":{"line":8,"column":1}},"2":{"start":{"line":6,"column":22},"end":{"line":6,"column":47}},"3":{"start":{"line":7,"column":2},"end":{"line":7,"column":79}},"4":{"start":{"line":7,"column":34},"end":{"line":7,"column":67}},"5":{"start":{"line":10,"column":24},"end":{"line":13,"column":1}},"6":{"start":{"line":11,"column":14},"end":{"line":11,"column":62}},"7":{"start":{"line":12,"column":2},"end":{"line":12,"column":40}},"8":{"start":{"line":12,"column":30},"end":{"line":12,"column":38}},"9":{"start":{"line":15,"column":19},"end":{"line":18,"column":1}},"10":{"start":{"line":16,"column":14},"end":{"line":16,"column":40}},"11":{"start":{"line":17,"column":2},"end":{"line":17,"column":40}},"12":{"start":{"line":17,"column":30},"end":{"line":17,"column":38}},"13":{"start":{"line":20,"column":31},"end":{"line":27,"column":4}},"14":{"start":{"line":21,"column":2},"end":{"line":27,"column":4}},"15":{"start":{"line":29,"column":28},"end":{"line":29,"column":73}},"16":{"start":{"line":29,"column":37},"end":{"line":29,"column":73}},"17":{"start":{"line":31,"column":25},"end":{"line":31,"column":55}},"18":{"start":{"line":31,"column":31},"end":{"line":31,"column":55}}},"fnMap":{"0":{"name":"(anonymous_0)","decl":{"start":{"line":5,"column":19},"end":{"line":5,"column":20}},"loc":{"start":{"line":5,"column":42},"end":{"line":8,"column":1}},"line":5},"1":{"name":"(anonymous_1)","decl":{"start":{"line":7,"column":25},"end":{"line":7,"column":26}},"loc":{"start":{"line":7,"column":34},"end":{"line":7,"column":67}},"line":7},"2":{"name":"(anonymous_2)","decl":{"start":{"line":10,"column":24},"end":{"line":10,"column":25}},"loc":{"start":{"line":10,"column":47},"end":{"line":13,"column":1}},"line":10},"3":{"name":"(anonymous_3)","decl":{"start":{"line":12,"column":25},"end":{"line":12,"column":26}},"loc":{"start":{"line":12,"column":30},"end":{"line":12,"column":38}},"line":12},"4":{"name":"(anonymous_4)","decl":{"start":{"line":15,"column":19},"end":{"line":15,"column":20}},"loc":{"start":{"line":15,"column":32},"end":{"line":18,"column":1}},"line":15},"5":{"name":"(anonymous_5)","decl":{"start":{"line":17,"column":25},"end":{"line":17,"column":26}},"loc":{"start":{"line":17,"column":30},"end":{"line":17,"column":38}},"line":17},"6":{"name":"(anonymous_6)","decl":{"start":{"line":20,"column":31},"end":{"line":20,"column":32}},"loc":{"start":{"line":21,"column":2},"end":{"line":27,"column":4}},"line":21},"7":{"name":"(anonymous_7)","decl":{"start":{"line":29,"column":28},"end":{"line":29,"column":29}},"loc":{"start":{"line":29,"column":37},"end":{"line":29,"column":73}},"line":29},"8":{"name":"(anonymous_8)","decl":{"start":{"line":31,"column":25},"end":{"line":31,"column":26}},"loc":{"start":{"line":31,"column":31},"end":{"line":31,"column":55}},"line":31}},"branchMap":{"0":{"loc":{"start":{"line":5,"column":20},"end":{"line":5,"column":37}},"type":"default-arg","locations":[{"start":{"line":5,"column":35},"end":{"line":5,"column":37}}],"line":5}},"s":{"0":3,"1":3,"2":2,"3":2,"4":2,"5":3,"6":2,"7":2,"8":0,"9":3,"10":1,"11":1,"12":0,"13":3,"14":0,"15":3,"16":2,"17":3,"18":1},"f":{"0":2,"1":2,"2":2,"3":0,"4":1,"5":0,"6":0,"7":2,"8":1},"b":{"0":[0]},"_coverageSchema":"332fd63041d2c1bcb487cc26dd0d5f7d97098a6c","hash":"d38b2f0f81d1538d2dd116cc4ecbd2c5c465bec4"}
,"/mnt/c/Users/Maciej_Chmura/dev/react-js-mentoring/src/utils/sortingTypeConstants.js": {"path":"/mnt/c/Users/Maciej_Chmura/dev/react-js-mentoring/src/utils/sortingTypeConstants.js","statementMap":{"0":{"start":{"line":1,"column":36},"end":{"line":4,"column":1}},"1":{"start":{"line":6,"column":37},"end":{"line":9,"column":1}}},"fnMap":{},"branchMap":{},"s":{"0":2,"1":2},"f":{},"b":{},"_coverageSchema":"332fd63041d2c1bcb487cc26dd0d5f7d97098a6c","hash":"56a4175c749fbe324059bad36dc569472c55ac1d"}
}
