TN:
SF:/mnt/c/Users/Maciej_Chmura/dev/react-js-mentoring/src/enzyme.js
FNF:0
FNH:0
DA:6,10
LF:1
LH:1
BRF:0
BRH:0
end_of_record
TN:
SF:/mnt/c/Users/Maciej_Chmura/dev/react-js-mentoring/src/components/App.Styles.jsx
FNF:0
FNH:0
DA:4,1
DA:10,1
DA:21,1
DA:26,1
DA:39,1
LF:5
LH:5
BRF:0
BRH:0
end_of_record
TN:
SF:/mnt/c/Users/Maciej_Chmura/dev/react-js-mentoring/src/components/App.jsx
FN:14,(anonymous_0)
FN:17,(anonymous_1)
FN:20,(anonymous_2)
FNF:3
FNH:1
FNDA:0,(anonymous_0)
FNDA:0,(anonymous_1)
FNDA:1,(anonymous_2)
DA:15,0
DA:16,0
DA:17,0
DA:21,1
DA:22,1
LF:5
LH:2
BRDA:16,0,0,0
BRDA:16,0,1,0
BRDA:25,1,0,1
BRDA:25,1,1,0
BRF:4
BRH:1
end_of_record
TN:
SF:/mnt/c/Users/Maciej_Chmura/dev/react-js-mentoring/src/components/ErrorBoundary.jsx
FN:4,(anonymous_0)
FN:9,(anonymous_1)
FN:14,(anonymous_2)
FN:19,(anonymous_3)
FNF:4
FNH:2
FNDA:1,(anonymous_0)
FNDA:0,(anonymous_1)
FNDA:0,(anonymous_2)
FNDA:1,(anonymous_3)
DA:5,1
DA:6,1
DA:11,0
DA:16,0
DA:20,1
DA:21,0
DA:24,1
LF:7
LH:4
BRDA:20,0,0,0
BRDA:20,0,1,1
BRF:2
BRH:1
end_of_record
TN:
SF:/mnt/c/Users/Maciej_Chmura/dev/react-js-mentoring/src/components/GlobalStyle.jsx
FNF:0
FNH:0
DA:3,1
LF:1
LH:1
BRF:0
BRH:0
end_of_record
TN:
SF:/mnt/c/Users/Maciej_Chmura/dev/react-js-mentoring/src/components/Body/MovieGenre/MovieGenre.Styles.jsx
FNF:0
FNH:0
DA:3,2
LF:1
LH:1
BRF:0
BRH:0
end_of_record
TN:
SF:/mnt/c/Users/Maciej_Chmura/dev/react-js-mentoring/src/components/Body/MovieGenre/MovieGenre.jsx
FN:4,(anonymous_0)
FN:6,(anonymous_1)
FNF:2
FNH:0
FNDA:0,(anonymous_0)
FNDA:0,(anonymous_1)
DA:4,2
DA:5,0
DA:7,0
LF:3
LH:1
BRF:0
BRH:0
end_of_record
TN:
SF:/mnt/c/Users/Maciej_Chmura/dev/react-js-mentoring/src/components/Body/MovieInfo/MovieInfo.Styles.jsx
FNF:0
FNH:0
DA:3,2
DA:9,2
DA:15,2
LF:3
LH:3
BRF:0
BRH:0
end_of_record
TN:
SF:/mnt/c/Users/Maciej_Chmura/dev/react-js-mentoring/src/components/Body/MovieInfo/MovieInfo.jsx
FN:4,(anonymous_0)
FNF:1
FNH:0
FNDA:0,(anonymous_0)
DA:4,2
DA:5,0
DA:6,0
LF:3
LH:1
BRF:0
BRH:0
end_of_record
TN:
SF:/mnt/c/Users/Maciej_Chmura/dev/react-js-mentoring/src/components/Body/MoviePoster/MoviePoster.Styles.jsx
FNF:0
FNH:0
DA:3,5
DA:9,5
LF:2
LH:2
BRF:0
BRH:0
end_of_record
TN:
SF:/mnt/c/Users/Maciej_Chmura/dev/react-js-mentoring/src/components/Body/MoviePoster/MoviePoster.jsx
FN:4,(anonymous_0)
FNF:1
FNH:1
FNDA:1,(anonymous_0)
DA:4,5
DA:5,1
LF:2
LH:2
BRF:0
BRH:0
end_of_record
TN:
SF:/mnt/c/Users/Maciej_Chmura/dev/react-js-mentoring/src/components/Body/MovieTile/MovieTile.Styles.jsx
FNF:0
FNH:0
DA:3,2
LF:1
LH:1
BRF:0
BRH:0
end_of_record
TN:
SF:/mnt/c/Users/Maciej_Chmura/dev/react-js-mentoring/src/components/Body/MovieTile/MovieTile.jsx
FN:7,(anonymous_0)
FNF:1
FNH:0
FNDA:0,(anonymous_0)
DA:7,2
DA:8,0
LF:2
LH:1
BRF:0
BRH:0
end_of_record
TN:
SF:/mnt/c/Users/Maciej_Chmura/dev/react-js-mentoring/src/components/Body/Results/Results.Styles.jsx
FNF:0
FNH:0
DA:3,2
LF:1
LH:1
BRF:0
BRH:0
end_of_record
TN:
SF:/mnt/c/Users/Maciej_Chmura/dev/react-js-mentoring/src/components/Body/Results/Results.jsx
FN:5,(anonymous_0)
FN:7,(anonymous_1)
FNF:2
FNH:0
FNDA:0,(anonymous_0)
FNDA:0,(anonymous_1)
DA:5,2
DA:6,0
DA:8,0
LF:3
LH:1
BRF:0
BRH:0
end_of_record
TN:
SF:/mnt/c/Users/Maciej_Chmura/dev/react-js-mentoring/src/components/Detail/MovieDetails.Styles.jsx
FNF:0
FNH:0
DA:3,3
DA:9,3
DA:14,3
DA:19,3
DA:24,3
DA:29,3
LF:6
LH:6
BRF:0
BRH:0
end_of_record
TN:
SF:/mnt/c/Users/Maciej_Chmura/dev/react-js-mentoring/src/components/Detail/MovieDetails.jsx
FN:12,(anonymous_0)
FNF:1
FNH:1
FNDA:1,(anonymous_0)
DA:12,3
DA:13,1
DA:14,1
LF:3
LH:3
BRF:0
BRH:0
end_of_record
TN:
SF:/mnt/c/Users/Maciej_Chmura/dev/react-js-mentoring/src/components/Header/FormTitle/FormTitle.Styles.jsx
FNF:0
FNH:0
DA:3,2
LF:1
LH:1
BRF:0
BRH:0
end_of_record
TN:
SF:/mnt/c/Users/Maciej_Chmura/dev/react-js-mentoring/src/components/Header/FormTitle/FormTitle.jsx
FN:4,(anonymous_0)
FNF:1
FNH:1
FNDA:2,(anonymous_0)
DA:4,2
LF:1
LH:1
BRF:0
BRH:0
end_of_record
TN:
SF:/mnt/c/Users/Maciej_Chmura/dev/react-js-mentoring/src/components/Header/PageName/PageName.Styles.jsx
FNF:0
FNH:0
DA:3,3
LF:1
LH:1
BRF:0
BRH:0
end_of_record
TN:
SF:/mnt/c/Users/Maciej_Chmura/dev/react-js-mentoring/src/components/Header/PageName/PageName.jsx
FN:4,(anonymous_0)
FNF:1
FNH:1
FNDA:3,(anonymous_0)
DA:4,3
LF:1
LH:1
BRF:0
BRH:0
end_of_record
TN:
SF:/mnt/c/Users/Maciej_Chmura/dev/react-js-mentoring/src/components/Header/SearchForm/SearchForm.Styles.jsx
FNF:0
FNH:0
DA:3,3
DA:9,3
DA:20,3
DA:26,3
DA:33,3
LF:5
LH:5
BRF:0
BRH:0
end_of_record
TN:
SF:/mnt/c/Users/Maciej_Chmura/dev/react-js-mentoring/src/components/Header/SearchForm/SearchForm.jsx
FN:16,(anonymous_0)
FN:20,(anonymous_1)
FN:26,(anonymous_2)
FN:30,(anonymous_3)
FN:46,(anonymous_4)
FNF:5
FNH:2
FNDA:0,(anonymous_0)
FNDA:0,(anonymous_1)
FNDA:0,(anonymous_2)
FNDA:3,(anonymous_3)
FNDA:6,(anonymous_4)
DA:17,0
DA:21,0
DA:22,0
DA:27,0
DA:31,3
DA:32,3
DA:33,3
DA:47,6
LF:8
LH:4
BRDA:21,0,0,0
BRDA:21,0,1,0
BRF:2
BRH:0
end_of_record
TN:
SF:/mnt/c/Users/Maciej_Chmura/dev/react-js-mentoring/src/components/Helper/ChangePageButton/ChangePageButton.Styles.jsx
FNF:0
FNH:0
DA:3,2
LF:1
LH:1
BRF:0
BRH:0
end_of_record
TN:
SF:/mnt/c/Users/Maciej_Chmura/dev/react-js-mentoring/src/components/Helper/ChangePageButton/ChangePageButton.jsx
FN:4,(anonymous_0)
FNF:1
FNH:1
FNDA:2,(anonymous_0)
DA:4,2
DA:5,2
LF:2
LH:2
BRF:0
BRH:0
end_of_record
TN:
SF:/mnt/c/Users/Maciej_Chmura/dev/react-js-mentoring/src/components/Helper/OptionButton/OptionButton.Styles.jsx
FN:9,(anonymous_0)
FNF:1
FNH:1
FNDA:26,(anonymous_0)
DA:3,5
DA:10,26
LF:2
LH:2
BRDA:10,0,0,10
BRDA:10,0,1,16
BRF:2
BRH:2
end_of_record
TN:
SF:/mnt/c/Users/Maciej_Chmura/dev/react-js-mentoring/src/components/Helper/OptionButton/OptionButton.jsx
FN:4,(anonymous_0)
FN:5,(anonymous_1)
FNF:2
FNH:1
FNDA:13,(anonymous_0)
FNDA:0,(anonymous_1)
DA:4,5
DA:5,13
LF:2
LH:2
BRF:0
BRH:0
end_of_record
TN:
SF:/mnt/c/Users/Maciej_Chmura/dev/react-js-mentoring/src/components/Helper/ResultsOptions/ResultsOptions.Styles.jsx
FNF:0
FNH:0
DA:3,3
DA:10,3
DA:14,3
LF:3
LH:3
BRF:0
BRH:0
end_of_record
TN:
SF:/mnt/c/Users/Maciej_Chmura/dev/react-js-mentoring/src/components/Helper/ResultsOptions/ResultsOptions.jsx
FN:9,(anonymous_0)
FN:14,(anonymous_1)
FNF:2
FNH:2
FNDA:3,(anonymous_0)
FNDA:6,(anonymous_1)
DA:9,3
DA:10,3
DA:15,6
LF:3
LH:3
BRF:0
BRH:0
end_of_record
TN:
SF:/mnt/c/Users/Maciej_Chmura/dev/react-js-mentoring/src/components/Pages/DetailPage/DetailPage.Styles.jsx
FNF:0
FNH:0
DA:4,2
LF:1
LH:1
BRF:0
BRH:0
end_of_record
TN:
SF:/mnt/c/Users/Maciej_Chmura/dev/react-js-mentoring/src/components/Pages/DetailPage/DetailPage.jsx
FN:11,(anonymous_0)
FN:12,(anonymous_1)
FN:12,(anonymous_2)
FN:15,(anonymous_3)
FNF:4
FNH:2
FNDA:1,(anonymous_0)
FNDA:0,(anonymous_1)
FNDA:0,(anonymous_2)
FNDA:1,(anonymous_3)
DA:12,1
DA:16,1
DA:17,1
LF:3
LH:3
BRDA:19,0,0,0
BRDA:19,0,1,1
BRF:2
BRH:1
end_of_record
TN:
SF:/mnt/c/Users/Maciej_Chmura/dev/react-js-mentoring/src/components/Pages/SearchPage/SearchPage.Styles.jsx
FNF:0
FNH:0
DA:4,2
DA:10,2
DA:21,2
LF:3
LH:3
BRF:0
BRH:0
end_of_record
TN:
SF:/mnt/c/Users/Maciej_Chmura/dev/react-js-mentoring/src/components/Pages/SearchPage/SearchPage.jsx
FN:21,(anonymous_0)
FN:22,(anonymous_1)
FN:23,(anonymous_2)
FN:27,(anonymous_3)
FN:28,(anonymous_4)
FN:31,(anonymous_5)
FN:37,(anonymous_6)
FN:37,(anonymous_7)
FN:40,(anonymous_8)
FN:42,(anonymous_9)
FN:45,(anonymous_10)
FNF:11
FNH:2
FNDA:2,(anonymous_0)
FNDA:0,(anonymous_1)
FNDA:0,(anonymous_2)
FNDA:0,(anonymous_3)
FNDA:0,(anonymous_4)
FNDA:0,(anonymous_5)
FNDA:0,(anonymous_6)
FNDA:0,(anonymous_7)
FNDA:0,(anonymous_8)
FNDA:0,(anonymous_9)
FNDA:2,(anonymous_10)
DA:22,2
DA:23,0
DA:28,0
DA:32,0
DA:33,0
DA:37,0
DA:41,0
DA:42,0
DA:46,2
DA:48,2
LF:10
LH:3
BRDA:64,0,0,0
BRDA:64,0,1,2
BRF:2
BRH:1
end_of_record
TN:
SF:/mnt/c/Users/Maciej_Chmura/dev/react-js-mentoring/src/utils/dataLoaders.js
FN:5,(anonymous_0)
FN:7,(anonymous_1)
FN:10,(anonymous_2)
FN:12,(anonymous_3)
FN:15,(anonymous_4)
FN:17,(anonymous_5)
FN:20,(anonymous_6)
FN:29,(anonymous_7)
FN:31,(anonymous_8)
FNF:9
FNH:6
FNDA:2,(anonymous_0)
FNDA:2,(anonymous_1)
FNDA:2,(anonymous_2)
FNDA:0,(anonymous_3)
FNDA:1,(anonymous_4)
FNDA:0,(anonymous_5)
FNDA:0,(anonymous_6)
FNDA:2,(anonymous_7)
FNDA:1,(anonymous_8)
DA:3,3
DA:5,3
DA:6,2
DA:7,2
DA:10,3
DA:11,2
DA:12,2
DA:15,3
DA:16,1
DA:17,1
DA:20,3
DA:21,0
DA:29,3
DA:31,3
LF:14
LH:13
BRDA:5,0,0,0
BRF:1
BRH:0
end_of_record
TN:
SF:/mnt/c/Users/Maciej_Chmura/dev/react-js-mentoring/src/utils/sortingTypeConstants.js
FNF:0
FNH:0
DA:1,2
DA:6,2
LF:2
LH:2
BRF:0
BRH:0
end_of_record
